<?xml version="1.0" encoding="UTF-8"?>
<testng-results ignored="0" total="1" passed="1" failed="0" skipped="0">
  <reporter-output>
  </reporter-output>
  <suite started-at="2023-05-18T10:39:39 IST" name="Default suite" finished-at="2023-05-18T10:40:18 IST" duration-ms="39039">
    <groups>
    </groups>
    <test started-at="2023-05-18T10:39:39 IST" name="Default test" finished-at="2023-05-18T10:40:18 IST" duration-ms="39039">
      <class name="linkd.link1">
        <test-method is-config="true" signature="book()[pri:0, instance:linkd.link1@4d5650ae]" started-at="2023-05-18T10:39:39 IST" name="book" finished-at="2023-05-18T10:39:40 IST" duration-ms="1049" status="PASS">
          <reporter-output>
          </reporter-output>
        </test-method> <!-- book -->
        <test-method signature="launch()[pri:0, instance:linkd.link1@4d5650ae]" started-at="2023-05-18T10:39:40 IST" name="launch" finished-at="2023-05-18T10:40:18 IST" duration-ms="37932" status="PASS">
          <reporter-output>
          </reporter-output>
        </test-method> <!-- launch -->
      </class> <!-- linkd.link1 -->
    </test> <!-- Default test -->
  </suite> <!-- Default suite -->
</testng-results>
